mode: atomic
github.com/ONSDigital/blaise-uac-service/blaiserestapi/rest_api.go:27.89,29.16 2 3
github.com/ONSDigital/blaise-uac-service/blaiserestapi/rest_api.go:29.16,31.3 1 0
github.com/ONSDigital/blaise-uac-service/blaiserestapi/rest_api.go:32.2,34.16 3 3
github.com/ONSDigital/blaise-uac-service/blaiserestapi/rest_api.go:34.16,36.3 1 0
github.com/ONSDigital/blaise-uac-service/blaiserestapi/rest_api.go:37.2,38.44 2 3
github.com/ONSDigital/blaise-uac-service/blaiserestapi/rest_api.go:38.44,40.3 1 1
github.com/ONSDigital/blaise-uac-service/blaiserestapi/rest_api.go:41.2,42.16 2 2
github.com/ONSDigital/blaise-uac-service/blaiserestapi/rest_api.go:42.16,44.3 1 0
github.com/ONSDigital/blaise-uac-service/blaiserestapi/rest_api.go:45.2,47.21 3 2
github.com/ONSDigital/blaise-uac-service/blaiserestapi/rest_api.go:50.104,52.16 2 2
github.com/ONSDigital/blaise-uac-service/blaiserestapi/rest_api.go:52.16,54.3 1 0
github.com/ONSDigital/blaise-uac-service/blaiserestapi/rest_api.go:55.2,57.16 3 2
github.com/ONSDigital/blaise-uac-service/blaiserestapi/rest_api.go:57.16,59.3 1 0
github.com/ONSDigital/blaise-uac-service/blaiserestapi/rest_api.go:60.2,61.44 2 2
github.com/ONSDigital/blaise-uac-service/blaiserestapi/rest_api.go:61.44,63.3 1 1
github.com/ONSDigital/blaise-uac-service/blaiserestapi/rest_api.go:64.2,65.16 2 1
github.com/ONSDigital/blaise-uac-service/blaiserestapi/rest_api.go:65.16,67.3 1 0
github.com/ONSDigital/blaise-uac-service/blaiserestapi/rest_api.go:68.2,70.30 3 1
github.com/ONSDigital/blaise-uac-service/blaiserestapi/rest_api.go:73.78,80.2 1 3
github.com/ONSDigital/blaise-uac-service/blaiserestapi/rest_api.go:82.85,89.2 1 2
github.com/ONSDigital/blaise-uac-service/blaiserestapi/rest_api.go:91.55,92.39 1 2
github.com/ONSDigital/blaise-uac-service/blaiserestapi/rest_api.go:92.39,93.23 1 4
github.com/ONSDigital/blaise-uac-service/blaiserestapi/rest_api.go:93.23,95.4 1 1
github.com/ONSDigital/blaise-uac-service/blaiserestapi/rest_api.go:97.2,97.14 1 1
github.com/ONSDigital/blaise-uac-service/uacgenerator/crypto_source.go:11.41,11.42 0 0
github.com/ONSDigital/blaise-uac-service/uacgenerator/crypto_source.go:13.37,15.2 1 844
github.com/ONSDigital/blaise-uac-service/uacgenerator/crypto_source.go:17.43,19.16 2 844
github.com/ONSDigital/blaise-uac-service/uacgenerator/crypto_source.go:19.16,21.3 1 0
github.com/ONSDigital/blaise-uac-service/uacgenerator/crypto_source.go:22.2,22.10 1 844
github.com/ONSDigital/blaise-uac-service/uacgenerator/errors.go:13.48,15.38 2 2
github.com/ONSDigital/blaise-uac-service/uacgenerator/errors.go:15.38,17.3 1 1
github.com/ONSDigital/blaise-uac-service/uacgenerator/errors.go:18.2,18.41 1 2
github.com/ONSDigital/blaise-uac-service/uacgenerator/errors.go:18.41,19.16 1 1
github.com/ONSDigital/blaise-uac-service/uacgenerator/errors.go:19.16,24.4 1 1
github.com/ONSDigital/blaise-uac-service/uacgenerator/errors.go:24.9,30.4 1 0
github.com/ONSDigital/blaise-uac-service/uacgenerator/errors.go:32.2,32.12 1 2
github.com/ONSDigital/blaise-uac-service/uacgenerator/errors.go:35.50,37.2 1 12
github.com/ONSDigital/blaise-uac-service/uacgenerator/errors.go:39.41,41.30 2 2
github.com/ONSDigital/blaise-uac-service/uacgenerator/errors.go:41.30,43.3 1 3
github.com/ONSDigital/blaise-uac-service/uacgenerator/errors.go:44.2,44.35 1 2
github.com/ONSDigital/blaise-uac-service/uacgenerator/generator.go:76.35,77.33 1 1
github.com/ONSDigital/blaise-uac-service/uacgenerator/generator.go:77.33,78.28 1 2
github.com/ONSDigital/blaise-uac-service/uacgenerator/generator.go:78.28,80.4 1 0
github.com/ONSDigital/blaise-uac-service/uacgenerator/generator.go:81.3,81.36 1 2
github.com/ONSDigital/blaise-uac-service/uacgenerator/generator.go:85.79,92.2 1 27
github.com/ONSDigital/blaise-uac-service/uacgenerator/generator.go:94.58,96.25 2 68
github.com/ONSDigital/blaise-uac-service/uacgenerator/generator.go:96.25,99.3 2 204
github.com/ONSDigital/blaise-uac-service/uacgenerator/generator.go:100.2,100.12 1 68
github.com/ONSDigital/blaise-uac-service/uacgenerator/generator.go:103.58,105.19 2 40
github.com/ONSDigital/blaise-uac-service/uacgenerator/generator.go:105.19,107.3 1 640
github.com/ONSDigital/blaise-uac-service/uacgenerator/generator.go:108.2,108.18 1 40
github.com/ONSDigital/blaise-uac-service/uacgenerator/generator.go:111.102,112.18 1 72
github.com/ONSDigital/blaise-uac-service/uacgenerator/generator.go:112.18,114.3 1 1
github.com/ONSDigital/blaise-uac-service/uacgenerator/generator.go:115.2,115.19 1 71
github.com/ONSDigital/blaise-uac-service/uacgenerator/generator.go:115.19,117.3 1 1
github.com/ONSDigital/blaise-uac-service/uacgenerator/generator.go:119.2,120.30 2 70
github.com/ONSDigital/blaise-uac-service/uacgenerator/generator.go:121.13,122.37 1 48
github.com/ONSDigital/blaise-uac-service/uacgenerator/generator.go:123.15,124.37 1 20
github.com/ONSDigital/blaise-uac-service/uacgenerator/generator.go:125.10,126.68 1 2
github.com/ONSDigital/blaise-uac-service/uacgenerator/generator.go:129.2,130.16 2 68
github.com/ONSDigital/blaise-uac-service/uacgenerator/generator.go:130.16,131.30 1 13
github.com/ONSDigital/blaise-uac-service/uacgenerator/generator.go:131.30,133.4 1 12
github.com/ONSDigital/blaise-uac-service/uacgenerator/generator.go:134.3,134.17 1 1
github.com/ONSDigital/blaise-uac-service/uacgenerator/generator.go:136.2,136.17 1 55
github.com/ONSDigital/blaise-uac-service/uacgenerator/generator.go:139.102,146.16 3 73
github.com/ONSDigital/blaise-uac-service/uacgenerator/generator.go:146.16,148.3 1 13
github.com/ONSDigital/blaise-uac-service/uacgenerator/generator.go:149.2,149.12 1 60
github.com/ONSDigital/blaise-uac-service/uacgenerator/generator.go:152.69,154.2 1 100
github.com/ONSDigital/blaise-uac-service/uacgenerator/generator.go:156.97,163.16 3 17
github.com/ONSDigital/blaise-uac-service/uacgenerator/generator.go:163.16,165.3 1 0
github.com/ONSDigital/blaise-uac-service/uacgenerator/generator.go:166.2,166.31 1 17
github.com/ONSDigital/blaise-uac-service/uacgenerator/generator.go:166.31,168.3 1 2
github.com/ONSDigital/blaise-uac-service/uacgenerator/generator.go:169.2,169.19 1 15
github.com/ONSDigital/blaise-uac-service/uacgenerator/generator.go:172.90,174.16 2 15
github.com/ONSDigital/blaise-uac-service/uacgenerator/generator.go:174.16,180.3 5 0
github.com/ONSDigital/blaise-uac-service/uacgenerator/generator.go:181.2,181.13 1 15
github.com/ONSDigital/blaise-uac-service/uacgenerator/generator.go:181.13,183.17 2 14
github.com/ONSDigital/blaise-uac-service/uacgenerator/generator.go:183.17,189.4 5 1
github.com/ONSDigital/blaise-uac-service/uacgenerator/generator.go:191.2,191.12 1 14
github.com/ONSDigital/blaise-uac-service/uacgenerator/generator.go:194.91,195.23 1 4
github.com/ONSDigital/blaise-uac-service/uacgenerator/generator.go:195.23,197.3 1 1
github.com/ONSDigital/blaise-uac-service/uacgenerator/generator.go:198.2,198.39 1 3
github.com/ONSDigital/blaise-uac-service/uacgenerator/generator.go:198.39,200.3 1 3
github.com/ONSDigital/blaise-uac-service/uacgenerator/generator.go:201.2,202.33 2 3
github.com/ONSDigital/blaise-uac-service/uacgenerator/generator.go:202.33,204.26 2 15
github.com/ONSDigital/blaise-uac-service/uacgenerator/generator.go:204.26,207.27 3 15
github.com/ONSDigital/blaise-uac-service/uacgenerator/generator.go:207.27,211.14 3 1
github.com/ONSDigital/blaise-uac-service/uacgenerator/generator.go:214.2,219.12 6 3
github.com/ONSDigital/blaise-uac-service/uacgenerator/generator.go:222.83,225.16 3 1
github.com/ONSDigital/blaise-uac-service/uacgenerator/generator.go:225.16,227.3 1 0
github.com/ONSDigital/blaise-uac-service/uacgenerator/generator.go:228.2,229.35 2 1
github.com/ONSDigital/blaise-uac-service/uacgenerator/generator.go:229.35,231.3 1 2
github.com/ONSDigital/blaise-uac-service/uacgenerator/generator.go:232.2,232.18 1 1
github.com/ONSDigital/blaise-uac-service/uacgenerator/generator.go:235.91,238.16 3 2
github.com/ONSDigital/blaise-uac-service/uacgenerator/generator.go:238.16,240.3 1 0
github.com/ONSDigital/blaise-uac-service/uacgenerator/generator.go:241.2,242.35 2 2
github.com/ONSDigital/blaise-uac-service/uacgenerator/generator.go:242.35,245.3 2 4
github.com/ONSDigital/blaise-uac-service/uacgenerator/generator.go:246.2,246.32 1 2
github.com/ONSDigital/blaise-uac-service/uacgenerator/generator.go:246.32,248.3 1 1
github.com/ONSDigital/blaise-uac-service/uacgenerator/generator.go:249.2,249.18 1 1
github.com/ONSDigital/blaise-uac-service/uacgenerator/generator.go:252.83,254.2 1 1
github.com/ONSDigital/blaise-uac-service/uacgenerator/generator.go:256.76,259.16 3 13
github.com/ONSDigital/blaise-uac-service/uacgenerator/generator.go:259.16,261.3 1 7
github.com/ONSDigital/blaise-uac-service/uacgenerator/generator.go:262.2,262.21 1 6
github.com/ONSDigital/blaise-uac-service/uacgenerator/generator.go:265.70,271.16 3 1
github.com/ONSDigital/blaise-uac-service/uacgenerator/generator.go:271.16,273.3 1 0
github.com/ONSDigital/blaise-uac-service/uacgenerator/generator.go:274.2,274.35 1 1
github.com/ONSDigital/blaise-uac-service/uacgenerator/generator.go:274.35,276.3 1 2
github.com/ONSDigital/blaise-uac-service/uacgenerator/generator.go:277.2,277.29 1 1
github.com/ONSDigital/blaise-uac-service/uacgenerator/generator.go:280.74,281.56 1 6
github.com/ONSDigital/blaise-uac-service/uacgenerator/generator.go:281.56,283.3 1 1
github.com/ONSDigital/blaise-uac-service/uacgenerator/generator.go:284.2,285.16 2 5
github.com/ONSDigital/blaise-uac-service/uacgenerator/generator.go:285.16,287.3 1 1
github.com/ONSDigital/blaise-uac-service/uacgenerator/generator.go:288.2,288.46 1 4
github.com/ONSDigital/blaise-uac-service/uacgenerator/generator.go:291.66,292.20 1 29
github.com/ONSDigital/blaise-uac-service/uacgenerator/generator.go:292.20,294.3 1 8
github.com/ONSDigital/blaise-uac-service/uacgenerator/generator.go:295.2,297.35 3 21
github.com/ONSDigital/blaise-uac-service/uacgenerator/generator.go:297.35,299.17 2 61
github.com/ONSDigital/blaise-uac-service/uacgenerator/generator.go:299.17,301.4 1 1
github.com/ONSDigital/blaise-uac-service/uacgenerator/generator.go:302.3,302.37 1 60
github.com/ONSDigital/blaise-uac-service/uacgenerator/generator.go:302.37,304.4 1 0
github.com/ONSDigital/blaise-uac-service/uacgenerator/generator.go:306.2,306.13 1 20
github.com/ONSDigital/blaise-uac-service/uacgenerator/generator.go:309.66,312.2 2 10
github.com/ONSDigital/blaise-uac-service/uacgenerator/generator.go:314.64,315.37 1 26
github.com/ONSDigital/blaise-uac-service/uacgenerator/generator.go:315.37,317.3 1 2
github.com/ONSDigital/blaise-uac-service/uacgenerator/generator.go:318.2,318.40 1 24
github.com/ONSDigital/blaise-uac-service/uacgenerator/generator.go:321.69,323.27 2 8
github.com/ONSDigital/blaise-uac-service/uacgenerator/generator.go:323.27,324.37 1 22
github.com/ONSDigital/blaise-uac-service/uacgenerator/generator.go:324.37,326.4 1 4
github.com/ONSDigital/blaise-uac-service/uacgenerator/generator.go:328.2,328.29 1 8
github.com/ONSDigital/blaise-uac-service/uacgenerator/generator.go:328.29,330.3 1 2
github.com/ONSDigital/blaise-uac-service/uacgenerator/generator.go:331.2,331.12 1 6
github.com/ONSDigital/blaise-uac-service/uacgenerator/generator.go:334.76,336.16 2 0
github.com/ONSDigital/blaise-uac-service/uacgenerator/generator.go:336.16,338.3 1 0
github.com/ONSDigital/blaise-uac-service/uacgenerator/generator.go:339.2,339.33 1 0
github.com/ONSDigital/blaise-uac-service/uacgenerator/generator.go:339.33,341.3 1 0
github.com/ONSDigital/blaise-uac-service/uacgenerator/generator.go:342.2,344.43 3 0
github.com/ONSDigital/blaise-uac-service/uacgenerator/generator.go:344.43,346.41 2 0
github.com/ONSDigital/blaise-uac-service/uacgenerator/generator.go:346.41,348.4 1 0
github.com/ONSDigital/blaise-uac-service/uacgenerator/generator.go:350.2,351.12 2 0
github.com/ONSDigital/blaise-uac-service/uacgenerator/generator.go:354.84,361.20 2 5
github.com/ONSDigital/blaise-uac-service/uacgenerator/generator.go:361.20,363.3 1 1
github.com/ONSDigital/blaise-uac-service/uacgenerator/generator.go:365.2,366.27 2 4
github.com/ONSDigital/blaise-uac-service/uacgenerator/generator.go:366.27,368.23 2 12
github.com/ONSDigital/blaise-uac-service/uacgenerator/generator.go:368.23,371.40 3 12
github.com/ONSDigital/blaise-uac-service/uacgenerator/generator.go:371.40,376.5 4 7
github.com/ONSDigital/blaise-uac-service/uacgenerator/generator.go:377.4,377.18 1 5
github.com/ONSDigital/blaise-uac-service/uacgenerator/generator.go:377.18,382.5 4 0
github.com/ONSDigital/blaise-uac-service/uacgenerator/generator.go:383.4,383.51 1 5
github.com/ONSDigital/blaise-uac-service/uacgenerator/generator.go:383.51,385.5 1 4
github.com/ONSDigital/blaise-uac-service/uacgenerator/generator.go:386.4,388.34 3 1
github.com/ONSDigital/blaise-uac-service/uacgenerator/generator.go:391.2,393.21 2 4
github.com/ONSDigital/blaise-uac-service/uacgenerator/generator.go:393.21,395.3 1 0
github.com/ONSDigital/blaise-uac-service/uacgenerator/generator.go:397.2,397.29 1 4
github.com/ONSDigital/blaise-uac-service/uacgenerator/generator.go:397.29,399.3 1 1
github.com/ONSDigital/blaise-uac-service/uacgenerator/generator.go:400.2,400.26 1 3
github.com/ONSDigital/blaise-uac-service/uacgenerator/generator.go:403.74,409.20 2 4
github.com/ONSDigital/blaise-uac-service/uacgenerator/generator.go:409.20,411.3 1 2
github.com/ONSDigital/blaise-uac-service/uacgenerator/generator.go:413.2,414.27 2 2
github.com/ONSDigital/blaise-uac-service/uacgenerator/generator.go:414.27,416.23 2 5
github.com/ONSDigital/blaise-uac-service/uacgenerator/generator.go:416.23,419.18 3 5
github.com/ONSDigital/blaise-uac-service/uacgenerator/generator.go:419.18,424.5 4 0
github.com/ONSDigital/blaise-uac-service/uacgenerator/generator.go:425.4,427.34 3 5
github.com/ONSDigital/blaise-uac-service/uacgenerator/generator.go:430.2,432.21 2 2
github.com/ONSDigital/blaise-uac-service/uacgenerator/generator.go:432.21,434.3 1 0
github.com/ONSDigital/blaise-uac-service/uacgenerator/generator.go:436.2,436.25 1 2
github.com/ONSDigital/blaise-uac-service/uacgenerator/generator.go:439.38,443.21 3 26
github.com/ONSDigital/blaise-uac-service/uacgenerator/generator.go:443.21,445.3 1 0
github.com/ONSDigital/blaise-uac-service/uacgenerator/generator.go:447.2,447.37 1 26
github.com/ONSDigital/blaise-uac-service/uacgenerator/generator.go:447.37,449.22 2 79
github.com/ONSDigital/blaise-uac-service/uacgenerator/generator.go:449.22,451.4 1 0
github.com/ONSDigital/blaise-uac-service/uacgenerator/generator.go:452.3,452.47 1 79
github.com/ONSDigital/blaise-uac-service/uacgenerator/generator.go:454.2,455.22 2 26
github.com/ONSDigital/blaise-uac-service/uacgenerator/generator.go:455.22,457.3 1 1
github.com/ONSDigital/blaise-uac-service/uacgenerator/generator.go:458.2,458.18 1 26
github.com/ONSDigital/blaise-uac-service/uacgenerator/generator.go:461.119,464.16 3 0
github.com/ONSDigital/blaise-uac-service/uacgenerator/generator.go:464.16,466.3 1 0
github.com/ONSDigital/blaise-uac-service/uacgenerator/generator.go:469.103,473.2 3 17
github.com/ONSDigital/blaise-uac-service/uacgenerator/generator.go:475.91,478.2 2 4
github.com/ONSDigital/blaise-uac-service/uacgenerator/generator.go:480.75,484.2 3 1
github.com/ONSDigital/blaise-uac-service/uacgenerator/generator.go:486.67,491.44 2 0
github.com/ONSDigital/blaise-uac-service/uacgenerator/generator.go:491.44,494.22 2 0
github.com/ONSDigital/blaise-uac-service/uacgenerator/generator.go:494.22,496.4 1 0
github.com/ONSDigital/blaise-uac-service/uacgenerator/generator.go:498.3,498.39 1 0
github.com/ONSDigital/blaise-uac-service/uacgenerator/generator.go:501.2,501.15 1 0
github.com/ONSDigital/blaise-uac-service/uacgenerator/generator.go:504.41,505.48 1 13
github.com/ONSDigital/blaise-uac-service/uacgenerator/generator.go:505.48,507.3 1 12
github.com/ONSDigital/blaise-uac-service/uacgenerator/generator.go:508.2,508.14 1 1
github.com/ONSDigital/blaise-uac-service/webserver/health_controller.go:17.77,20.2 2 0
github.com/ONSDigital/blaise-uac-service/webserver/health_controller.go:22.80,25.2 2 0
github.com/ONSDigital/blaise-uac-service/webserver/uac_controller.go:34.71,36.2 2 19
github.com/ONSDigital/blaise-uac-service/webserver/uac_controller.go:36.2,46.3 9 19
github.com/ONSDigital/blaise-uac-service/webserver/uac_controller.go:49.89,52.16 3 4
github.com/ONSDigital/blaise-uac-service/webserver/uac_controller.go:52.16,55.3 2 1
github.com/ONSDigital/blaise-uac-service/webserver/uac_controller.go:56.2,56.32 1 3
github.com/ONSDigital/blaise-uac-service/webserver/uac_controller.go:56.32,59.3 2 1
github.com/ONSDigital/blaise-uac-service/webserver/uac_controller.go:60.2,61.16 2 2
github.com/ONSDigital/blaise-uac-service/webserver/uac_controller.go:61.16,64.3 2 1
github.com/ONSDigital/blaise-uac-service/webserver/uac_controller.go:65.2,66.16 2 1
github.com/ONSDigital/blaise-uac-service/webserver/uac_controller.go:66.16,69.3 2 0
github.com/ONSDigital/blaise-uac-service/webserver/uac_controller.go:70.2,71.16 2 1
github.com/ONSDigital/blaise-uac-service/webserver/uac_controller.go:71.16,74.3 2 0
github.com/ONSDigital/blaise-uac-service/webserver/uac_controller.go:75.2,76.35 2 1
github.com/ONSDigital/blaise-uac-service/webserver/uac_controller.go:79.79,81.16 2 3
github.com/ONSDigital/blaise-uac-service/webserver/uac_controller.go:81.16,84.3 2 0
github.com/ONSDigital/blaise-uac-service/webserver/uac_controller.go:85.2,88.16 4 3
github.com/ONSDigital/blaise-uac-service/webserver/uac_controller.go:88.16,91.3 2 0
github.com/ONSDigital/blaise-uac-service/webserver/uac_controller.go:92.2,92.45 1 3
github.com/ONSDigital/blaise-uac-service/webserver/uac_controller.go:92.45,95.3 2 1
github.com/ONSDigital/blaise-uac-service/webserver/uac_controller.go:96.2,97.16 2 2
github.com/ONSDigital/blaise-uac-service/webserver/uac_controller.go:97.16,100.3 2 0
github.com/ONSDigital/blaise-uac-service/webserver/uac_controller.go:101.2,102.16 2 2
github.com/ONSDigital/blaise-uac-service/webserver/uac_controller.go:102.16,105.3 2 0
github.com/ONSDigital/blaise-uac-service/webserver/uac_controller.go:106.2,107.35 2 2
github.com/ONSDigital/blaise-uac-service/webserver/uac_controller.go:110.77,114.16 3 2
github.com/ONSDigital/blaise-uac-service/webserver/uac_controller.go:114.16,117.3 2 0
github.com/ONSDigital/blaise-uac-service/webserver/uac_controller.go:118.2,119.35 2 2
github.com/ONSDigital/blaise-uac-service/webserver/uac_controller.go:122.85,126.16 3 1
github.com/ONSDigital/blaise-uac-service/webserver/uac_controller.go:126.16,129.3 2 0
github.com/ONSDigital/blaise-uac-service/webserver/uac_controller.go:130.2,131.35 2 1
github.com/ONSDigital/blaise-uac-service/webserver/uac_controller.go:134.83,136.16 2 1
github.com/ONSDigital/blaise-uac-service/webserver/uac_controller.go:136.16,139.3 2 0
github.com/ONSDigital/blaise-uac-service/webserver/uac_controller.go:140.2,140.46 1 1
github.com/ONSDigital/blaise-uac-service/webserver/uac_controller.go:143.76,147.16 3 1
github.com/ONSDigital/blaise-uac-service/webserver/uac_controller.go:147.16,150.3 2 0
github.com/ONSDigital/blaise-uac-service/webserver/uac_controller.go:151.2,151.55 1 1
github.com/ONSDigital/blaise-uac-service/webserver/uac_controller.go:154.78,156.16 2 4
github.com/ONSDigital/blaise-uac-service/webserver/uac_controller.go:156.16,160.3 3 2
github.com/ONSDigital/blaise-uac-service/webserver/uac_controller.go:162.2,163.16 2 2
github.com/ONSDigital/blaise-uac-service/webserver/uac_controller.go:163.16,164.39 1 1
github.com/ONSDigital/blaise-uac-service/webserver/uac_controller.go:164.39,167.4 2 1
github.com/ONSDigital/blaise-uac-service/webserver/uac_controller.go:168.3,170.9 3 0
github.com/ONSDigital/blaise-uac-service/webserver/uac_controller.go:172.2,172.38 1 1
github.com/ONSDigital/blaise-uac-service/webserver/uac_controller.go:175.79,178.16 3 0
github.com/ONSDigital/blaise-uac-service/webserver/uac_controller.go:178.16,182.3 3 0
github.com/ONSDigital/blaise-uac-service/webserver/uac_controller.go:183.2,183.41 1 0
github.com/ONSDigital/blaise-uac-service/webserver/uac_controller.go:186.74,188.16 2 3
github.com/ONSDigital/blaise-uac-service/webserver/uac_controller.go:188.16,191.3 2 0
github.com/ONSDigital/blaise-uac-service/webserver/uac_controller.go:192.2,195.16 4 3
github.com/ONSDigital/blaise-uac-service/webserver/uac_controller.go:195.16,198.3 2 0
github.com/ONSDigital/blaise-uac-service/webserver/uac_controller.go:199.2,200.16 2 3
github.com/ONSDigital/blaise-uac-service/webserver/uac_controller.go:200.16,201.51 1 2
github.com/ONSDigital/blaise-uac-service/webserver/uac_controller.go:201.51,204.4 2 1
github.com/ONSDigital/blaise-uac-service/webserver/uac_controller.go:205.3,206.9 2 1
github.com/ONSDigital/blaise-uac-service/webserver/uac_controller.go:208.2,208.66 1 1
github.com/ONSDigital/blaise-uac-service/webserver/uac_controller.go:211.89,212.43 1 2
github.com/ONSDigital/blaise-uac-service/webserver/uac_controller.go:212.43,215.3 2 2
github.com/ONSDigital/blaise-uac-service/webserver/uac_controller.go:216.2,216.65 1 0
github.com/ONSDigital/blaise-uac-service/webserver/uac_controller.go:219.93,221.16 2 4
github.com/ONSDigital/blaise-uac-service/webserver/uac_controller.go:221.16,223.3 1 0
github.com/ONSDigital/blaise-uac-service/webserver/uac_controller.go:224.2,228.16 4 4
github.com/ONSDigital/blaise-uac-service/webserver/uac_controller.go:228.16,230.3 1 2
github.com/ONSDigital/blaise-uac-service/webserver/uac_controller.go:231.2,231.17 1 2
github.com/ONSDigital/blaise-uac-service/webserver/webserver.go:14.49,24.2 6 0
